

Microchip Technology PIC LITE Macro Assembler V2.00 build -1524193055 
                                                                                               Wed Feb 24 16:16:51 2021

Microchip Technology Omniscient Code Generator v2.00 (Free mode) build 20180527130849
     1  0000                     
      + 0000                     
     2                           ; Version 2.00
     3                           ; Generated 27/05/2018 GMT
     4                           
     5                           ; 
     6                           ; Copyright © 2018, Microchip Technology Inc. and its subsidiaries ("Microchip")
     7                           ; All rights reserved.
     8                           ; 
     9                           ; This software is developed by Microchip Technology Inc. and its subsidiaries ("Microch
                                 ip").
    10                           ; 
    11                           ; Redistribution and use in source and binary forms, with or without modification, are
    12                           ; permitted provided that the following conditions are met:
    13                           ; 
    14                           ;     1. Redistributions of source code must retain the above copyright notice, this lis
                                 t of
    15                           ;        conditions and the following disclaimer.
    16                           ; 
    17                           ;     2. Redistributions in binary form must reproduce the above copyright notice, this 
                                 list
    18                           ;        of conditions and the following disclaimer in the documentation and/or other
    19                           ;        materials provided with the distribution.
    20                           ; 
    21                           ;     3. Microchip's name may not be used to endorse or promote products derived from th
                                 is
    22                           ;        software without specific prior written permission.
    23                           ; 
    24                           ; THIS SOFTWARE IS PROVIDED BY MICROCHIP "AS IS" AND ANY EXPRESS OR IMPLIED WARRANTIES,

    25                           ; INCLUDING, BUT NOT LIMITED TO, THE IMPLIED WARRANTIES OF MERCHANTABILITY AND FITNESS F
                                 OR
    26                           ; PURPOSE ARE DISCLAIMED.  IN NO EVENT SHALL MICROCHIP BE LIABLE FOR ANY DIRECT, INDIREC
                                 T,
    27                           ; INCIDENTAL, SPECIAL, EXEMPLARY, OR CONSEQUENTIAL DAMAGES (INCLUDING BUT NOT LIMITED TO
                                 
    28                           ; PROCUREMENT OF SUBSTITUTE GOODS OR SERVICES; LOSS OF USE, DATA OR PROFITS; OR BUSINESS
                                 
    29                           ; INTERRUPTION) HOWSOEVER CAUSED AND ON ANY THEORY OF LIABILITY, WHETHER IN CONTRACT, ST
                                 RICT
    30                           ; LIABILITY, OR TORT (INCLUDING NEGLIGENCE OR OTHERWISE) ARISING IN ANY WAY OUT OF THE U
                                 SE OF
    31                           ; THIS SOFTWARE, EVEN IF ADVISED OF THE POSSIBILITY OF SUCH DAMAGE.
    32                           ; 
    33                           
    34                           
    35                           ; 
    36                           ; Code-generator required, PIC16F887 Definitions
    37                           ; 
    38  0004                     fsr0 equ 04h
    39  0004                     indf equ 00h
    40  0000                     indf0 equ 00h
    41  0000                     pc equ 02h
    42  0002                     pcl equ 02h
    43  0002                     pclath equ 0Ah
    44  000A                     status equ 03h
    45  0003                     
     2                           opt pagewidth 120
     3  0000                     byte0	macro	val
     4                           	(getbyte(val,0))
     5                           endm
     6  0000                     byte1	macro	val
     7                           	(getbyte(val,1))
     8                           endm
     9  0000                     byte2	macro	val
    10                           	(getbyte(val,2))
    11                           endm
    12  0000                     byte3	macro	val
    13                           	(getbyte(val,3))
    14                           endm
    15  0000                     byte4	macro	val
    16                           	(getbyte(val,4))
    17                           endm
    18  0000                     byte5	macro	val
    19                           	(getbyte(val,5))
    20                           endm
    21  0000                     byte6	macro	val
    22                           	(getbyte(val,6))
    23                           endm
    24  0000                     byte7	macro	val
    25                           	(getbyte(val,7))
    26                           endm
    27  0000                     getword	macro	val,pos
    28                           	(((val) >> (8 * pos)) and 0xffff)
    29                           endm
    30  0000                     word0	macro	val
    31                           	(getword(val,0))
    32                           endm
    33  0000                     word1	macro	val
    34                           	(getword(val,2))
    35                           endm
    36  0000                     word2	macro	val
    37                           	(getword(val,4))
    38                           endm
    39  0000                     word3	macro	val
    40                           	(getword(val,6))
    41                           endm
    42  0000                     gettword	macro	val,pos
    43                           	(((val) >> (8 * pos)) and 0xffffff)
    44                           endm
    45  0000                     tword0	macro	val
    46                           	(gettword(val,0))
    47                           endm
    48  0000                     tword1	macro	val
    49                           	(gettword(val,3))
    50                           endm
    51  0000                     tword2	macro	val
    52                           	(gettword(val,6))
    53                           endm
    54  0000                     getdword	macro	val,pos
    55                           	(((val) >> (8 * pos)) and 0xffffffff)
    56                           endm
    57  0000                     dword0	macro	val
    58                           	(getdword(val,0))
    59                           endm
    60  0000                     dword1	macro	val
    61                           	(getdword(val,4))
    62                           endm
    63  0000                     clrc	macro
    64                           	bcf	3,0
    65                           	endm
    66  0000                     clrz	macro
    67                           	bcf	3,2
    68                           	endm
    69  0000                     setc	macro
    70                           	bsf	3,0
    71                           	endm
    72  0000                     setz	macro
    73                           	bsf	3,2
    74                           	endm
    75  0000                     skipc	macro
    76                           	btfss	3,0
    77                           	endm
    78  0000                     skipz	macro
    79                           	btfss	3,2
    80                           	endm
    81  0000                     skipnc	macro
    82                           	btfsc	3,0
    83                           	endm
    84  0000                     skipnz	macro
    85                           	btfsc	3,2
    86                           	endm
    87  0000                     # 54 "C:\Program Files (x86)\Microchip\xc8\v2.00\pic\include\pic16f887.h"
    88                           INDF equ 00h ;# 
    89  0000                     # 61 "C:\Program Files (x86)\Microchip\xc8\v2.00\pic\include\pic16f887.h"
    90                           TMR0 equ 01h ;# 
    91  0001                     # 68 "C:\Program Files (x86)\Microchip\xc8\v2.00\pic\include\pic16f887.h"
    92                           PCL equ 02h ;# 
    93  0002                     # 75 "C:\Program Files (x86)\Microchip\xc8\v2.00\pic\include\pic16f887.h"
    94                           STATUS equ 03h ;# 
    95  0003                     # 161 "C:\Program Files (x86)\Microchip\xc8\v2.00\pic\include\pic16f887.h"
    96                           FSR equ 04h ;# 
    97  0004                     # 168 "C:\Program Files (x86)\Microchip\xc8\v2.00\pic\include\pic16f887.h"
    98                           PORTA equ 05h ;# 
    99  0005                     # 230 "C:\Program Files (x86)\Microchip\xc8\v2.00\pic\include\pic16f887.h"
   100                           PORTB equ 06h ;# 
   101  0006                     # 292 "C:\Program Files (x86)\Microchip\xc8\v2.00\pic\include\pic16f887.h"
   102                           PORTC equ 07h ;# 
   103  0007                     # 354 "C:\Program Files (x86)\Microchip\xc8\v2.00\pic\include\pic16f887.h"
   104                           PORTD equ 08h ;# 
   105  0008                     # 416 "C:\Program Files (x86)\Microchip\xc8\v2.00\pic\include\pic16f887.h"
   106                           PORTE equ 09h ;# 
   107  0009                     # 454 "C:\Program Files (x86)\Microchip\xc8\v2.00\pic\include\pic16f887.h"
   108                           PCLATH equ 0Ah ;# 
   109  000A                     # 461 "C:\Program Files (x86)\Microchip\xc8\v2.00\pic\include\pic16f887.h"
   110                           INTCON equ 0Bh ;# 
   111  000B                     # 539 "C:\Program Files (x86)\Microchip\xc8\v2.00\pic\include\pic16f887.h"
   112                           PIR1 equ 0Ch ;# 
   113  000C                     # 595 "C:\Program Files (x86)\Microchip\xc8\v2.00\pic\include\pic16f887.h"
   114                           PIR2 equ 0Dh ;# 
   115  000D                     # 652 "C:\Program Files (x86)\Microchip\xc8\v2.00\pic\include\pic16f887.h"
   116                           TMR1 equ 0Eh ;# 
   117  000E                     # 659 "C:\Program Files (x86)\Microchip\xc8\v2.00\pic\include\pic16f887.h"
   118                           TMR1L equ 0Eh ;# 
   119  000E                     # 666 "C:\Program Files (x86)\Microchip\xc8\v2.00\pic\include\pic16f887.h"
   120                           TMR1H equ 0Fh ;# 
   121  000F                     # 673 "C:\Program Files (x86)\Microchip\xc8\v2.00\pic\include\pic16f887.h"
   122                           T1CON equ 010h ;# 
   123  0010                     # 767 "C:\Program Files (x86)\Microchip\xc8\v2.00\pic\include\pic16f887.h"
   124                           TMR2 equ 011h ;# 
   125  0011                     # 774 "C:\Program Files (x86)\Microchip\xc8\v2.00\pic\include\pic16f887.h"
   126                           T2CON equ 012h ;# 
   127  0012                     # 845 "C:\Program Files (x86)\Microchip\xc8\v2.00\pic\include\pic16f887.h"
   128                           SSPBUF equ 013h ;# 
   129  0013                     # 852 "C:\Program Files (x86)\Microchip\xc8\v2.00\pic\include\pic16f887.h"
   130                           SSPCON equ 014h ;# 
   131  0014                     # 922 "C:\Program Files (x86)\Microchip\xc8\v2.00\pic\include\pic16f887.h"
   132                           CCPR1 equ 015h ;# 
   133  0015                     # 929 "C:\Program Files (x86)\Microchip\xc8\v2.00\pic\include\pic16f887.h"
   134                           CCPR1L equ 015h ;# 
   135  0015                     # 936 "C:\Program Files (x86)\Microchip\xc8\v2.00\pic\include\pic16f887.h"
   136                           CCPR1H equ 016h ;# 
   137  0016                     # 943 "C:\Program Files (x86)\Microchip\xc8\v2.00\pic\include\pic16f887.h"
   138                           CCP1CON equ 017h ;# 
   139  0017                     # 1040 "C:\Program Files (x86)\Microchip\xc8\v2.00\pic\include\pic16f887.h"
   140                           RCSTA equ 018h ;# 
   141  0018                     # 1135 "C:\Program Files (x86)\Microchip\xc8\v2.00\pic\include\pic16f887.h"
   142                           TXREG equ 019h ;# 
   143  0019                     # 1142 "C:\Program Files (x86)\Microchip\xc8\v2.00\pic\include\pic16f887.h"
   144                           RCREG equ 01Ah ;# 
   145  001A                     # 1149 "C:\Program Files (x86)\Microchip\xc8\v2.00\pic\include\pic16f887.h"
   146                           CCPR2 equ 01Bh ;# 
   147  001B                     # 1156 "C:\Program Files (x86)\Microchip\xc8\v2.00\pic\include\pic16f887.h"
   148                           CCPR2L equ 01Bh ;# 
   149  001B                     # 1163 "C:\Program Files (x86)\Microchip\xc8\v2.00\pic\include\pic16f887.h"
   150                           CCPR2H equ 01Ch ;# 
   151  001C                     # 1170 "C:\Program Files (x86)\Microchip\xc8\v2.00\pic\include\pic16f887.h"
   152                           CCP2CON equ 01Dh ;# 
   153  001D                     # 1240 "C:\Program Files (x86)\Microchip\xc8\v2.00\pic\include\pic16f887.h"
   154                           ADRESH equ 01Eh ;# 
   155  001E                     # 1247 "C:\Program Files (x86)\Microchip\xc8\v2.00\pic\include\pic16f887.h"
   156                           ADCON0 equ 01Fh ;# 
   157  001F                     # 1348 "C:\Program Files (x86)\Microchip\xc8\v2.00\pic\include\pic16f887.h"
   158                           OPTION_REG equ 081h ;# 
   159  0081                     # 1418 "C:\Program Files (x86)\Microchip\xc8\v2.00\pic\include\pic16f887.h"
   160                           TRISA equ 085h ;# 
   161  0085                     # 1480 "C:\Program Files (x86)\Microchip\xc8\v2.00\pic\include\pic16f887.h"
   162                           TRISB equ 086h ;# 
   163  0086                     # 1542 "C:\Program Files (x86)\Microchip\xc8\v2.00\pic\include\pic16f887.h"
   164                           TRISC equ 087h ;# 
   165  0087                     # 1604 "C:\Program Files (x86)\Microchip\xc8\v2.00\pic\include\pic16f887.h"
   166                           TRISD equ 088h ;# 
   167  0088                     # 1666 "C:\Program Files (x86)\Microchip\xc8\v2.00\pic\include\pic16f887.h"
   168                           TRISE equ 089h ;# 
   169  0089                     # 1704 "C:\Program Files (x86)\Microchip\xc8\v2.00\pic\include\pic16f887.h"
   170                           PIE1 equ 08Ch ;# 
   171  008C                     # 1760 "C:\Program Files (x86)\Microchip\xc8\v2.00\pic\include\pic16f887.h"
   172                           PIE2 equ 08Dh ;# 
   173  008D                     # 1817 "C:\Program Files (x86)\Microchip\xc8\v2.00\pic\include\pic16f887.h"
   174                           PCON equ 08Eh ;# 
   175  008E                     # 1864 "C:\Program Files (x86)\Microchip\xc8\v2.00\pic\include\pic16f887.h"
   176                           OSCCON equ 08Fh ;# 
   177  008F                     # 1929 "C:\Program Files (x86)\Microchip\xc8\v2.00\pic\include\pic16f887.h"
   178                           OSCTUNE equ 090h ;# 
   179  0090                     # 1981 "C:\Program Files (x86)\Microchip\xc8\v2.00\pic\include\pic16f887.h"
   180                           SSPCON2 equ 091h ;# 
   181  0091                     # 2043 "C:\Program Files (x86)\Microchip\xc8\v2.00\pic\include\pic16f887.h"
   182                           PR2 equ 092h ;# 
   183  0092                     # 2050 "C:\Program Files (x86)\Microchip\xc8\v2.00\pic\include\pic16f887.h"
   184                           SSPADD equ 093h ;# 
   185  0093                     # 2057 "C:\Program Files (x86)\Microchip\xc8\v2.00\pic\include\pic16f887.h"
   186                           SSPMSK equ 093h ;# 
   187  0093                     # 2062 "C:\Program Files (x86)\Microchip\xc8\v2.00\pic\include\pic16f887.h"
   188                           MSK equ 093h ;# 
   189  0093                     # 2179 "C:\Program Files (x86)\Microchip\xc8\v2.00\pic\include\pic16f887.h"
   190                           SSPSTAT equ 094h ;# 
   191  0094                     # 2348 "C:\Program Files (x86)\Microchip\xc8\v2.00\pic\include\pic16f887.h"
   192                           WPUB equ 095h ;# 
   193  0095                     # 2418 "C:\Program Files (x86)\Microchip\xc8\v2.00\pic\include\pic16f887.h"
   194                           IOCB equ 096h ;# 
   195  0096                     # 2488 "C:\Program Files (x86)\Microchip\xc8\v2.00\pic\include\pic16f887.h"
   196                           VRCON equ 097h ;# 
   197  0097                     # 2558 "C:\Program Files (x86)\Microchip\xc8\v2.00\pic\include\pic16f887.h"
   198                           TXSTA equ 098h ;# 
   199  0098                     # 2644 "C:\Program Files (x86)\Microchip\xc8\v2.00\pic\include\pic16f887.h"
   200                           SPBRG equ 099h ;# 
   201  0099                     # 2706 "C:\Program Files (x86)\Microchip\xc8\v2.00\pic\include\pic16f887.h"
   202                           SPBRGH equ 09Ah ;# 
   203  009A                     # 2776 "C:\Program Files (x86)\Microchip\xc8\v2.00\pic\include\pic16f887.h"
   204                           PWM1CON equ 09Bh ;# 
   205  009B                     # 2846 "C:\Program Files (x86)\Microchip\xc8\v2.00\pic\include\pic16f887.h"
   206                           ECCPAS equ 09Ch ;# 
   207  009C                     # 2928 "C:\Program Files (x86)\Microchip\xc8\v2.00\pic\include\pic16f887.h"
   208                           PSTRCON equ 09Dh ;# 
   209  009D                     # 2972 "C:\Program Files (x86)\Microchip\xc8\v2.00\pic\include\pic16f887.h"
   210                           ADRESL equ 09Eh ;# 
   211  009E                     # 2979 "C:\Program Files (x86)\Microchip\xc8\v2.00\pic\include\pic16f887.h"
   212                           ADCON1 equ 09Fh ;# 
   213  009F                     # 3013 "C:\Program Files (x86)\Microchip\xc8\v2.00\pic\include\pic16f887.h"
   214                           WDTCON equ 0105h ;# 
   215  0105                     # 3066 "C:\Program Files (x86)\Microchip\xc8\v2.00\pic\include\pic16f887.h"
   216                           CM1CON0 equ 0107h ;# 
   217  0107                     # 3131 "C:\Program Files (x86)\Microchip\xc8\v2.00\pic\include\pic16f887.h"
   218                           CM2CON0 equ 0108h ;# 
   219  0108                     # 3196 "C:\Program Files (x86)\Microchip\xc8\v2.00\pic\include\pic16f887.h"
   220                           CM2CON1 equ 0109h ;# 
   221  0109                     # 3247 "C:\Program Files (x86)\Microchip\xc8\v2.00\pic\include\pic16f887.h"
   222                           EEDATA equ 010Ch ;# 
   223  010C                     # 3252 "C:\Program Files (x86)\Microchip\xc8\v2.00\pic\include\pic16f887.h"
   224                           EEDAT equ 010Ch ;# 
   225  010C                     # 3259 "C:\Program Files (x86)\Microchip\xc8\v2.00\pic\include\pic16f887.h"
   226                           EEADR equ 010Dh ;# 
   227  010D                     # 3266 "C:\Program Files (x86)\Microchip\xc8\v2.00\pic\include\pic16f887.h"
   228                           EEDATH equ 010Eh ;# 
   229  010E                     # 3273 "C:\Program Files (x86)\Microchip\xc8\v2.00\pic\include\pic16f887.h"
   230                           EEADRH equ 010Fh ;# 
   231  010F                     # 3280 "C:\Program Files (x86)\Microchip\xc8\v2.00\pic\include\pic16f887.h"
   232                           SRCON equ 0185h ;# 
   233  0185                     # 3337 "C:\Program Files (x86)\Microchip\xc8\v2.00\pic\include\pic16f887.h"
   234                           BAUDCTL equ 0187h ;# 
   235  0187                     # 3389 "C:\Program Files (x86)\Microchip\xc8\v2.00\pic\include\pic16f887.h"
   236                           ANSEL equ 0188h ;# 
   237  0188                     # 3451 "C:\Program Files (x86)\Microchip\xc8\v2.00\pic\include\pic16f887.h"
   238                           ANSELH equ 0189h ;# 
   239  0189                     # 3501 "C:\Program Files (x86)\Microchip\xc8\v2.00\pic\include\pic16f887.h"
   240                           EECON1 equ 018Ch ;# 
   241  018C                     # 3546 "C:\Program Files (x86)\Microchip\xc8\v2.00\pic\include\pic16f887.h"
   242                           EECON2 equ 018Dh ;# 
   243  018D                     # 54 "C:\Program Files (x86)\Microchip\xc8\v2.00\pic\include\pic16f887.h"
   244                           INDF equ 00h ;# 
   245  0000                     # 61 "C:\Program Files (x86)\Microchip\xc8\v2.00\pic\include\pic16f887.h"
   246                           TMR0 equ 01h ;# 
   247  0001                     # 68 "C:\Program Files (x86)\Microchip\xc8\v2.00\pic\include\pic16f887.h"
   248                           PCL equ 02h ;# 
   249  0002                     # 75 "C:\Program Files (x86)\Microchip\xc8\v2.00\pic\include\pic16f887.h"
   250                           STATUS equ 03h ;# 
   251  0003                     # 161 "C:\Program Files (x86)\Microchip\xc8\v2.00\pic\include\pic16f887.h"
   252                           FSR equ 04h ;# 
   253  0004                     # 168 "C:\Program Files (x86)\Microchip\xc8\v2.00\pic\include\pic16f887.h"
   254                           PORTA equ 05h ;# 
   255  0005                     # 230 "C:\Program Files (x86)\Microchip\xc8\v2.00\pic\include\pic16f887.h"
   256                           PORTB equ 06h ;# 
   257  0006                     # 292 "C:\Program Files (x86)\Microchip\xc8\v2.00\pic\include\pic16f887.h"
   258                           PORTC equ 07h ;# 
   259  0007                     # 354 "C:\Program Files (x86)\Microchip\xc8\v2.00\pic\include\pic16f887.h"
   260                           PORTD equ 08h ;# 
   261  0008                     # 416 "C:\Program Files (x86)\Microchip\xc8\v2.00\pic\include\pic16f887.h"
   262                           PORTE equ 09h ;# 
   263  0009                     # 454 "C:\Program Files (x86)\Microchip\xc8\v2.00\pic\include\pic16f887.h"
   264                           PCLATH equ 0Ah ;# 
   265  000A                     # 461 "C:\Program Files (x86)\Microchip\xc8\v2.00\pic\include\pic16f887.h"
   266                           INTCON equ 0Bh ;# 
   267  000B                     # 539 "C:\Program Files (x86)\Microchip\xc8\v2.00\pic\include\pic16f887.h"
   268                           PIR1 equ 0Ch ;# 
   269  000C                     # 595 "C:\Program Files (x86)\Microchip\xc8\v2.00\pic\include\pic16f887.h"
   270                           PIR2 equ 0Dh ;# 
   271  000D                     # 652 "C:\Program Files (x86)\Microchip\xc8\v2.00\pic\include\pic16f887.h"
   272                           TMR1 equ 0Eh ;# 
   273  000E                     # 659 "C:\Program Files (x86)\Microchip\xc8\v2.00\pic\include\pic16f887.h"
   274                           TMR1L equ 0Eh ;# 
   275  000E                     # 666 "C:\Program Files (x86)\Microchip\xc8\v2.00\pic\include\pic16f887.h"
   276                           TMR1H equ 0Fh ;# 
   277  000F                     # 673 "C:\Program Files (x86)\Microchip\xc8\v2.00\pic\include\pic16f887.h"
   278                           T1CON equ 010h ;# 
   279  0010                     # 767 "C:\Program Files (x86)\Microchip\xc8\v2.00\pic\include\pic16f887.h"
   280                           TMR2 equ 011h ;# 
   281  0011                     # 774 "C:\Program Files (x86)\Microchip\xc8\v2.00\pic\include\pic16f887.h"
   282                           T2CON equ 012h ;# 
   283  0012                     # 845 "C:\Program Files (x86)\Microchip\xc8\v2.00\pic\include\pic16f887.h"
   284                           SSPBUF equ 013h ;# 
   285  0013                     # 852 "C:\Program Files (x86)\Microchip\xc8\v2.00\pic\include\pic16f887.h"
   286                           SSPCON equ 014h ;# 
   287  0014                     # 922 "C:\Program Files (x86)\Microchip\xc8\v2.00\pic\include\pic16f887.h"
   288                           CCPR1 equ 015h ;# 
   289  0015                     # 929 "C:\Program Files (x86)\Microchip\xc8\v2.00\pic\include\pic16f887.h"
   290                           CCPR1L equ 015h ;# 
   291  0015                     # 936 "C:\Program Files (x86)\Microchip\xc8\v2.00\pic\include\pic16f887.h"
   292                           CCPR1H equ 016h ;# 
   293  0016                     # 943 "C:\Program Files (x86)\Microchip\xc8\v2.00\pic\include\pic16f887.h"
   294                           CCP1CON equ 017h ;# 
   295  0017                     # 1040 "C:\Program Files (x86)\Microchip\xc8\v2.00\pic\include\pic16f887.h"
   296                           RCSTA equ 018h ;# 
   297  0018                     # 1135 "C:\Program Files (x86)\Microchip\xc8\v2.00\pic\include\pic16f887.h"
   298                           TXREG equ 019h ;# 
   299  0019                     # 1142 "C:\Program Files (x86)\Microchip\xc8\v2.00\pic\include\pic16f887.h"
   300                           RCREG equ 01Ah ;# 
   301  001A                     # 1149 "C:\Program Files (x86)\Microchip\xc8\v2.00\pic\include\pic16f887.h"
   302                           CCPR2 equ 01Bh ;# 
   303  001B                     # 1156 "C:\Program Files (x86)\Microchip\xc8\v2.00\pic\include\pic16f887.h"
   304                           CCPR2L equ 01Bh ;# 
   305  001B                     # 1163 "C:\Program Files (x86)\Microchip\xc8\v2.00\pic\include\pic16f887.h"
   306                           CCPR2H equ 01Ch ;# 
   307  001C                     # 1170 "C:\Program Files (x86)\Microchip\xc8\v2.00\pic\include\pic16f887.h"
   308                           CCP2CON equ 01Dh ;# 
   309  001D                     # 1240 "C:\Program Files (x86)\Microchip\xc8\v2.00\pic\include\pic16f887.h"
   310                           ADRESH equ 01Eh ;# 
   311  001E                     # 1247 "C:\Program Files (x86)\Microchip\xc8\v2.00\pic\include\pic16f887.h"
   312                           ADCON0 equ 01Fh ;# 
   313  001F                     # 1348 "C:\Program Files (x86)\Microchip\xc8\v2.00\pic\include\pic16f887.h"
   314                           OPTION_REG equ 081h ;# 
   315  0081                     # 1418 "C:\Program Files (x86)\Microchip\xc8\v2.00\pic\include\pic16f887.h"
   316                           TRISA equ 085h ;# 
   317  0085                     # 1480 "C:\Program Files (x86)\Microchip\xc8\v2.00\pic\include\pic16f887.h"
   318                           TRISB equ 086h ;# 
   319  0086                     # 1542 "C:\Program Files (x86)\Microchip\xc8\v2.00\pic\include\pic16f887.h"
   320                           TRISC equ 087h ;# 
   321  0087                     # 1604 "C:\Program Files (x86)\Microchip\xc8\v2.00\pic\include\pic16f887.h"
   322                           TRISD equ 088h ;# 
   323  0088                     # 1666 "C:\Program Files (x86)\Microchip\xc8\v2.00\pic\include\pic16f887.h"
   324                           TRISE equ 089h ;# 
   325  0089                     # 1704 "C:\Program Files (x86)\Microchip\xc8\v2.00\pic\include\pic16f887.h"
   326                           PIE1 equ 08Ch ;# 
   327  008C                     # 1760 "C:\Program Files (x86)\Microchip\xc8\v2.00\pic\include\pic16f887.h"
   328                           PIE2 equ 08Dh ;# 
   329  008D                     # 1817 "C:\Program Files (x86)\Microchip\xc8\v2.00\pic\include\pic16f887.h"
   330                           PCON equ 08Eh ;# 
   331  008E                     # 1864 "C:\Program Files (x86)\Microchip\xc8\v2.00\pic\include\pic16f887.h"
   332                           OSCCON equ 08Fh ;# 
   333  008F                     # 1929 "C:\Program Files (x86)\Microchip\xc8\v2.00\pic\include\pic16f887.h"
   334                           OSCTUNE equ 090h ;# 
   335  0090                     # 1981 "C:\Program Files (x86)\Microchip\xc8\v2.00\pic\include\pic16f887.h"
   336                           SSPCON2 equ 091h ;# 
   337  0091                     # 2043 "C:\Program Files (x86)\Microchip\xc8\v2.00\pic\include\pic16f887.h"
   338                           PR2 equ 092h ;# 
   339  0092                     # 2050 "C:\Program Files (x86)\Microchip\xc8\v2.00\pic\include\pic16f887.h"
   340                           SSPADD equ 093h ;# 
   341  0093                     # 2057 "C:\Program Files (x86)\Microchip\xc8\v2.00\pic\include\pic16f887.h"
   342                           SSPMSK equ 093h ;# 
   343  0093                     # 2062 "C:\Program Files (x86)\Microchip\xc8\v2.00\pic\include\pic16f887.h"
   344                           MSK equ 093h ;# 
   345  0093                     # 2179 "C:\Program Files (x86)\Microchip\xc8\v2.00\pic\include\pic16f887.h"
   346                           SSPSTAT equ 094h ;# 
   347  0094                     # 2348 "C:\Program Files (x86)\Microchip\xc8\v2.00\pic\include\pic16f887.h"
   348                           WPUB equ 095h ;# 
   349  0095                     # 2418 "C:\Program Files (x86)\Microchip\xc8\v2.00\pic\include\pic16f887.h"
   350                           IOCB equ 096h ;# 
   351  0096                     # 2488 "C:\Program Files (x86)\Microchip\xc8\v2.00\pic\include\pic16f887.h"
   352                           VRCON equ 097h ;# 
   353  0097                     # 2558 "C:\Program Files (x86)\Microchip\xc8\v2.00\pic\include\pic16f887.h"
   354                           TXSTA equ 098h ;# 
   355  0098                     # 2644 "C:\Program Files (x86)\Microchip\xc8\v2.00\pic\include\pic16f887.h"
   356                           SPBRG equ 099h ;# 
   357  0099                     # 2706 "C:\Program Files (x86)\Microchip\xc8\v2.00\pic\include\pic16f887.h"
   358                           SPBRGH equ 09Ah ;# 
   359  009A                     # 2776 "C:\Program Files (x86)\Microchip\xc8\v2.00\pic\include\pic16f887.h"
   360                           PWM1CON equ 09Bh ;# 
   361  009B                     # 2846 "C:\Program Files (x86)\Microchip\xc8\v2.00\pic\include\pic16f887.h"
   362                           ECCPAS equ 09Ch ;# 
   363  009C                     # 2928 "C:\Program Files (x86)\Microchip\xc8\v2.00\pic\include\pic16f887.h"
   364                           PSTRCON equ 09Dh ;# 
   365  009D                     # 2972 "C:\Program Files (x86)\Microchip\xc8\v2.00\pic\include\pic16f887.h"
   366                           ADRESL equ 09Eh ;# 
   367  009E                     # 2979 "C:\Program Files (x86)\Microchip\xc8\v2.00\pic\include\pic16f887.h"
   368                           ADCON1 equ 09Fh ;# 
   369  009F                     # 3013 "C:\Program Files (x86)\Microchip\xc8\v2.00\pic\include\pic16f887.h"
   370                           WDTCON equ 0105h ;# 
   371  0105                     # 3066 "C:\Program Files (x86)\Microchip\xc8\v2.00\pic\include\pic16f887.h"
   372                           CM1CON0 equ 0107h ;# 
   373  0107                     # 3131 "C:\Program Files (x86)\Microchip\xc8\v2.00\pic\include\pic16f887.h"
   374                           CM2CON0 equ 0108h ;# 
   375  0108                     # 3196 "C:\Program Files (x86)\Microchip\xc8\v2.00\pic\include\pic16f887.h"
   376                           CM2CON1 equ 0109h ;# 
   377  0109                     # 3247 "C:\Program Files (x86)\Microchip\xc8\v2.00\pic\include\pic16f887.h"
   378                           EEDATA equ 010Ch ;# 
   379  010C                     # 3252 "C:\Program Files (x86)\Microchip\xc8\v2.00\pic\include\pic16f887.h"
   380                           EEDAT equ 010Ch ;# 
   381  010C                     # 3259 "C:\Program Files (x86)\Microchip\xc8\v2.00\pic\include\pic16f887.h"
   382                           EEADR equ 010Dh ;# 
   383  010D                     # 3266 "C:\Program Files (x86)\Microchip\xc8\v2.00\pic\include\pic16f887.h"
   384                           EEDATH equ 010Eh ;# 
   385  010E                     # 3273 "C:\Program Files (x86)\Microchip\xc8\v2.00\pic\include\pic16f887.h"
   386                           EEADRH equ 010Fh ;# 
   387  010F                     # 3280 "C:\Program Files (x86)\Microchip\xc8\v2.00\pic\include\pic16f887.h"
   388                           SRCON equ 0185h ;# 
   389  0185                     # 3337 "C:\Program Files (x86)\Microchip\xc8\v2.00\pic\include\pic16f887.h"
   390                           BAUDCTL equ 0187h ;# 
   391  0187                     # 3389 "C:\Program Files (x86)\Microchip\xc8\v2.00\pic\include\pic16f887.h"
   392                           ANSEL equ 0188h ;# 
   393  0188                     # 3451 "C:\Program Files (x86)\Microchip\xc8\v2.00\pic\include\pic16f887.h"
   394                           ANSELH equ 0189h ;# 
   395  0189                     # 3501 "C:\Program Files (x86)\Microchip\xc8\v2.00\pic\include\pic16f887.h"
   396                           EECON1 equ 018Ch ;# 
   397  018C                     # 3546 "C:\Program Files (x86)\Microchip\xc8\v2.00\pic\include\pic16f887.h"
   398                           EECON2 equ 018Dh ;# 
   399  018D                     # 54 "C:\Program Files (x86)\Microchip\xc8\v2.00\pic\include\pic16f887.h"
   400                           INDF equ 00h ;# 
   401  0000                     # 61 "C:\Program Files (x86)\Microchip\xc8\v2.00\pic\include\pic16f887.h"
   402                           TMR0 equ 01h ;# 
   403  0001                     # 68 "C:\Program Files (x86)\Microchip\xc8\v2.00\pic\include\pic16f887.h"
   404                           PCL equ 02h ;# 
   405  0002                     # 75 "C:\Program Files (x86)\Microchip\xc8\v2.00\pic\include\pic16f887.h"
   406                           STATUS equ 03h ;# 
   407  0003                     # 161 "C:\Program Files (x86)\Microchip\xc8\v2.00\pic\include\pic16f887.h"
   408                           FSR equ 04h ;# 
   409  0004                     # 168 "C:\Program Files (x86)\Microchip\xc8\v2.00\pic\include\pic16f887.h"
   410                           PORTA equ 05h ;# 
   411  0005                     # 230 "C:\Program Files (x86)\Microchip\xc8\v2.00\pic\include\pic16f887.h"
   412                           PORTB equ 06h ;# 
   413  0006                     # 292 "C:\Program Files (x86)\Microchip\xc8\v2.00\pic\include\pic16f887.h"
   414                           PORTC equ 07h ;# 
   415  0007                     # 354 "C:\Program Files (x86)\Microchip\xc8\v2.00\pic\include\pic16f887.h"
   416                           PORTD equ 08h ;# 
   417  0008                     # 416 "C:\Program Files (x86)\Microchip\xc8\v2.00\pic\include\pic16f887.h"
   418                           PORTE equ 09h ;# 
   419  0009                     # 454 "C:\Program Files (x86)\Microchip\xc8\v2.00\pic\include\pic16f887.h"
   420                           PCLATH equ 0Ah ;# 
   421  000A                     # 461 "C:\Program Files (x86)\Microchip\xc8\v2.00\pic\include\pic16f887.h"
   422                           INTCON equ 0Bh ;# 
   423  000B                     # 539 "C:\Program Files (x86)\Microchip\xc8\v2.00\pic\include\pic16f887.h"
   424                           PIR1 equ 0Ch ;# 
   425  000C                     # 595 "C:\Program Files (x86)\Microchip\xc8\v2.00\pic\include\pic16f887.h"
   426                           PIR2 equ 0Dh ;# 
   427  000D                     # 652 "C:\Program Files (x86)\Microchip\xc8\v2.00\pic\include\pic16f887.h"
   428                           TMR1 equ 0Eh ;# 
   429  000E                     # 659 "C:\Program Files (x86)\Microchip\xc8\v2.00\pic\include\pic16f887.h"
   430                           TMR1L equ 0Eh ;# 
   431  000E                     # 666 "C:\Program Files (x86)\Microchip\xc8\v2.00\pic\include\pic16f887.h"
   432                           TMR1H equ 0Fh ;# 
   433  000F                     # 673 "C:\Program Files (x86)\Microchip\xc8\v2.00\pic\include\pic16f887.h"
   434                           T1CON equ 010h ;# 
   435  0010                     # 767 "C:\Program Files (x86)\Microchip\xc8\v2.00\pic\include\pic16f887.h"
   436                           TMR2 equ 011h ;# 
   437  0011                     # 774 "C:\Program Files (x86)\Microchip\xc8\v2.00\pic\include\pic16f887.h"
   438                           T2CON equ 012h ;# 
   439  0012                     # 845 "C:\Program Files (x86)\Microchip\xc8\v2.00\pic\include\pic16f887.h"
   440                           SSPBUF equ 013h ;# 
   441  0013                     # 852 "C:\Program Files (x86)\Microchip\xc8\v2.00\pic\include\pic16f887.h"
   442                           SSPCON equ 014h ;# 
   443  0014                     # 922 "C:\Program Files (x86)\Microchip\xc8\v2.00\pic\include\pic16f887.h"
   444                           CCPR1 equ 015h ;# 
   445  0015                     # 929 "C:\Program Files (x86)\Microchip\xc8\v2.00\pic\include\pic16f887.h"
   446                           CCPR1L equ 015h ;# 
   447  0015                     # 936 "C:\Program Files (x86)\Microchip\xc8\v2.00\pic\include\pic16f887.h"
   448                           CCPR1H equ 016h ;# 
   449  0016                     # 943 "C:\Program Files (x86)\Microchip\xc8\v2.00\pic\include\pic16f887.h"
   450                           CCP1CON equ 017h ;# 
   451  0017                     # 1040 "C:\Program Files (x86)\Microchip\xc8\v2.00\pic\include\pic16f887.h"
   452                           RCSTA equ 018h ;# 
   453  0018                     # 1135 "C:\Program Files (x86)\Microchip\xc8\v2.00\pic\include\pic16f887.h"
   454                           TXREG equ 019h ;# 
   455  0019                     # 1142 "C:\Program Files (x86)\Microchip\xc8\v2.00\pic\include\pic16f887.h"
   456                           RCREG equ 01Ah ;# 
   457  001A                     # 1149 "C:\Program Files (x86)\Microchip\xc8\v2.00\pic\include\pic16f887.h"
   458                           CCPR2 equ 01Bh ;# 
   459  001B                     # 1156 "C:\Program Files (x86)\Microchip\xc8\v2.00\pic\include\pic16f887.h"
   460                           CCPR2L equ 01Bh ;# 
   461  001B                     # 1163 "C:\Program Files (x86)\Microchip\xc8\v2.00\pic\include\pic16f887.h"
   462                           CCPR2H equ 01Ch ;# 
   463  001C                     # 1170 "C:\Program Files (x86)\Microchip\xc8\v2.00\pic\include\pic16f887.h"
   464                           CCP2CON equ 01Dh ;# 
   465  001D                     # 1240 "C:\Program Files (x86)\Microchip\xc8\v2.00\pic\include\pic16f887.h"
   466                           ADRESH equ 01Eh ;# 
   467  001E                     # 1247 "C:\Program Files (x86)\Microchip\xc8\v2.00\pic\include\pic16f887.h"
   468                           ADCON0 equ 01Fh ;# 
   469  001F                     # 1348 "C:\Program Files (x86)\Microchip\xc8\v2.00\pic\include\pic16f887.h"
   470                           OPTION_REG equ 081h ;# 
   471  0081                     # 1418 "C:\Program Files (x86)\Microchip\xc8\v2.00\pic\include\pic16f887.h"
   472                           TRISA equ 085h ;# 
   473  0085                     # 1480 "C:\Program Files (x86)\Microchip\xc8\v2.00\pic\include\pic16f887.h"
   474                           TRISB equ 086h ;# 
   475  0086                     # 1542 "C:\Program Files (x86)\Microchip\xc8\v2.00\pic\include\pic16f887.h"
   476                           TRISC equ 087h ;# 
   477  0087                     # 1604 "C:\Program Files (x86)\Microchip\xc8\v2.00\pic\include\pic16f887.h"
   478                           TRISD equ 088h ;# 
   479  0088                     # 1666 "C:\Program Files (x86)\Microchip\xc8\v2.00\pic\include\pic16f887.h"
   480                           TRISE equ 089h ;# 
   481  0089                     # 1704 "C:\Program Files (x86)\Microchip\xc8\v2.00\pic\include\pic16f887.h"
   482                           PIE1 equ 08Ch ;# 
   483  008C                     # 1760 "C:\Program Files (x86)\Microchip\xc8\v2.00\pic\include\pic16f887.h"
   484                           PIE2 equ 08Dh ;# 
   485  008D                     # 1817 "C:\Program Files (x86)\Microchip\xc8\v2.00\pic\include\pic16f887.h"
   486                           PCON equ 08Eh ;# 
   487  008E                     # 1864 "C:\Program Files (x86)\Microchip\xc8\v2.00\pic\include\pic16f887.h"
   488                           OSCCON equ 08Fh ;# 
   489  008F                     # 1929 "C:\Program Files (x86)\Microchip\xc8\v2.00\pic\include\pic16f887.h"
   490                           OSCTUNE equ 090h ;# 
   491  0090                     # 1981 "C:\Program Files (x86)\Microchip\xc8\v2.00\pic\include\pic16f887.h"
   492                           SSPCON2 equ 091h ;# 
   493  0091                     # 2043 "C:\Program Files (x86)\Microchip\xc8\v2.00\pic\include\pic16f887.h"
   494                           PR2 equ 092h ;# 
   495  0092                     # 2050 "C:\Program Files (x86)\Microchip\xc8\v2.00\pic\include\pic16f887.h"
   496                           SSPADD equ 093h ;# 
   497  0093                     # 2057 "C:\Program Files (x86)\Microchip\xc8\v2.00\pic\include\pic16f887.h"
   498                           SSPMSK equ 093h ;# 
   499  0093                     # 2062 "C:\Program Files (x86)\Microchip\xc8\v2.00\pic\include\pic16f887.h"
   500                           MSK equ 093h ;# 
   501  0093                     # 2179 "C:\Program Files (x86)\Microchip\xc8\v2.00\pic\include\pic16f887.h"
   502                           SSPSTAT equ 094h ;# 
   503  0094                     # 2348 "C:\Program Files (x86)\Microchip\xc8\v2.00\pic\include\pic16f887.h"
   504                           WPUB equ 095h ;# 
   505  0095                     # 2418 "C:\Program Files (x86)\Microchip\xc8\v2.00\pic\include\pic16f887.h"
   506                           IOCB equ 096h ;# 
   507  0096                     # 2488 "C:\Program Files (x86)\Microchip\xc8\v2.00\pic\include\pic16f887.h"
   508                           VRCON equ 097h ;# 
   509  0097                     # 2558 "C:\Program Files (x86)\Microchip\xc8\v2.00\pic\include\pic16f887.h"
   510                           TXSTA equ 098h ;# 
   511  0098                     # 2644 "C:\Program Files (x86)\Microchip\xc8\v2.00\pic\include\pic16f887.h"
   512                           SPBRG equ 099h ;# 
   513  0099                     # 2706 "C:\Program Files (x86)\Microchip\xc8\v2.00\pic\include\pic16f887.h"
   514                           SPBRGH equ 09Ah ;# 
   515  009A                     # 2776 "C:\Program Files (x86)\Microchip\xc8\v2.00\pic\include\pic16f887.h"
   516                           PWM1CON equ 09Bh ;# 
   517  009B                     # 2846 "C:\Program Files (x86)\Microchip\xc8\v2.00\pic\include\pic16f887.h"
   518                           ECCPAS equ 09Ch ;# 
   519  009C                     # 2928 "C:\Program Files (x86)\Microchip\xc8\v2.00\pic\include\pic16f887.h"
   520                           PSTRCON equ 09Dh ;# 
   521  009D                     # 2972 "C:\Program Files (x86)\Microchip\xc8\v2.00\pic\include\pic16f887.h"
   522                           ADRESL equ 09Eh ;# 
   523  009E                     # 2979 "C:\Program Files (x86)\Microchip\xc8\v2.00\pic\include\pic16f887.h"
   524                           ADCON1 equ 09Fh ;# 
   525  009F                     # 3013 "C:\Program Files (x86)\Microchip\xc8\v2.00\pic\include\pic16f887.h"
   526                           WDTCON equ 0105h ;# 
   527  0105                     # 3066 "C:\Program Files (x86)\Microchip\xc8\v2.00\pic\include\pic16f887.h"
   528                           CM1CON0 equ 0107h ;# 
   529  0107                     # 3131 "C:\Program Files (x86)\Microchip\xc8\v2.00\pic\include\pic16f887.h"
   530                           CM2CON0 equ 0108h ;# 
   531  0108                     # 3196 "C:\Program Files (x86)\Microchip\xc8\v2.00\pic\include\pic16f887.h"
   532                           CM2CON1 equ 0109h ;# 
   533  0109                     # 3247 "C:\Program Files (x86)\Microchip\xc8\v2.00\pic\include\pic16f887.h"
   534                           EEDATA equ 010Ch ;# 
   535  010C                     # 3252 "C:\Program Files (x86)\Microchip\xc8\v2.00\pic\include\pic16f887.h"
   536                           EEDAT equ 010Ch ;# 
   537  010C                     # 3259 "C:\Program Files (x86)\Microchip\xc8\v2.00\pic\include\pic16f887.h"
   538                           EEADR equ 010Dh ;# 
   539  010D                     # 3266 "C:\Program Files (x86)\Microchip\xc8\v2.00\pic\include\pic16f887.h"
   540                           EEDATH equ 010Eh ;# 
   541  010E                     # 3273 "C:\Program Files (x86)\Microchip\xc8\v2.00\pic\include\pic16f887.h"
   542                           EEADRH equ 010Fh ;# 
   543  010F                     # 3280 "C:\Program Files (x86)\Microchip\xc8\v2.00\pic\include\pic16f887.h"
   544                           SRCON equ 0185h ;# 
   545  0185                     # 3337 "C:\Program Files (x86)\Microchip\xc8\v2.00\pic\include\pic16f887.h"
   546                           BAUDCTL equ 0187h ;# 
   547  0187                     # 3389 "C:\Program Files (x86)\Microchip\xc8\v2.00\pic\include\pic16f887.h"
   548                           ANSEL equ 0188h ;# 
   549  0188                     # 3451 "C:\Program Files (x86)\Microchip\xc8\v2.00\pic\include\pic16f887.h"
   550                           ANSELH equ 0189h ;# 
   551  0189                     # 3501 "C:\Program Files (x86)\Microchip\xc8\v2.00\pic\include\pic16f887.h"
   552                           EECON1 equ 018Ch ;# 
   553  018C                     # 3546 "C:\Program Files (x86)\Microchip\xc8\v2.00\pic\include\pic16f887.h"
   554                           EECON2 equ 018Dh ;# 
   555  018D                     # 54 "C:\Program Files (x86)\Microchip\xc8\v2.00\pic\include\pic16f887.h"
   556                           INDF equ 00h ;# 
   557  0000                     # 61 "C:\Program Files (x86)\Microchip\xc8\v2.00\pic\include\pic16f887.h"
   558                           TMR0 equ 01h ;# 
   559  0001                     # 68 "C:\Program Files (x86)\Microchip\xc8\v2.00\pic\include\pic16f887.h"
   560                           PCL equ 02h ;# 
   561  0002                     # 75 "C:\Program Files (x86)\Microchip\xc8\v2.00\pic\include\pic16f887.h"
   562                           STATUS equ 03h ;# 
   563  0003                     # 161 "C:\Program Files (x86)\Microchip\xc8\v2.00\pic\include\pic16f887.h"
   564                           FSR equ 04h ;# 
   565  0004                     # 168 "C:\Program Files (x86)\Microchip\xc8\v2.00\pic\include\pic16f887.h"
   566                           PORTA equ 05h ;# 
   567  0005                     # 230 "C:\Program Files (x86)\Microchip\xc8\v2.00\pic\include\pic16f887.h"
   568                           PORTB equ 06h ;# 
   569  0006                     # 292 "C:\Program Files (x86)\Microchip\xc8\v2.00\pic\include\pic16f887.h"
   570                           PORTC equ 07h ;# 
   571  0007                     # 354 "C:\Program Files (x86)\Microchip\xc8\v2.00\pic\include\pic16f887.h"
   572                           PORTD equ 08h ;# 
   573  0008                     # 416 "C:\Program Files (x86)\Microchip\xc8\v2.00\pic\include\pic16f887.h"
   574                           PORTE equ 09h ;# 
   575  0009                     # 454 "C:\Program Files (x86)\Microchip\xc8\v2.00\pic\include\pic16f887.h"
   576                           PCLATH equ 0Ah ;# 
   577  000A                     # 461 "C:\Program Files (x86)\Microchip\xc8\v2.00\pic\include\pic16f887.h"
   578                           INTCON equ 0Bh ;# 
   579  000B                     # 539 "C:\Program Files (x86)\Microchip\xc8\v2.00\pic\include\pic16f887.h"
   580                           PIR1 equ 0Ch ;# 
   581  000C                     # 595 "C:\Program Files (x86)\Microchip\xc8\v2.00\pic\include\pic16f887.h"
   582                           PIR2 equ 0Dh ;# 
   583  000D                     # 652 "C:\Program Files (x86)\Microchip\xc8\v2.00\pic\include\pic16f887.h"
   584                           TMR1 equ 0Eh ;# 
   585  000E                     # 659 "C:\Program Files (x86)\Microchip\xc8\v2.00\pic\include\pic16f887.h"
   586                           TMR1L equ 0Eh ;# 
   587  000E                     # 666 "C:\Program Files (x86)\Microchip\xc8\v2.00\pic\include\pic16f887.h"
   588                           TMR1H equ 0Fh ;# 
   589  000F                     # 673 "C:\Program Files (x86)\Microchip\xc8\v2.00\pic\include\pic16f887.h"
   590                           T1CON equ 010h ;# 
   591  0010                     # 767 "C:\Program Files (x86)\Microchip\xc8\v2.00\pic\include\pic16f887.h"
   592                           TMR2 equ 011h ;# 
   593  0011                     # 774 "C:\Program Files (x86)\Microchip\xc8\v2.00\pic\include\pic16f887.h"
   594                           T2CON equ 012h ;# 
   595  0012                     # 845 "C:\Program Files (x86)\Microchip\xc8\v2.00\pic\include\pic16f887.h"
   596                           SSPBUF equ 013h ;# 
   597  0013                     # 852 "C:\Program Files (x86)\Microchip\xc8\v2.00\pic\include\pic16f887.h"
   598                           SSPCON equ 014h ;# 
   599  0014                     # 922 "C:\Program Files (x86)\Microchip\xc8\v2.00\pic\include\pic16f887.h"
   600                           CCPR1 equ 015h ;# 
   601  0015                     # 929 "C:\Program Files (x86)\Microchip\xc8\v2.00\pic\include\pic16f887.h"
   602                           CCPR1L equ 015h ;# 
   603  0015                     # 936 "C:\Program Files (x86)\Microchip\xc8\v2.00\pic\include\pic16f887.h"
   604                           CCPR1H equ 016h ;# 
   605  0016                     # 943 "C:\Program Files (x86)\Microchip\xc8\v2.00\pic\include\pic16f887.h"
   606                           CCP1CON equ 017h ;# 
   607  0017                     # 1040 "C:\Program Files (x86)\Microchip\xc8\v2.00\pic\include\pic16f887.h"
   608                           RCSTA equ 018h ;# 
   609  0018                     # 1135 "C:\Program Files (x86)\Microchip\xc8\v2.00\pic\include\pic16f887.h"
   610                           TXREG equ 019h ;# 
   611  0019                     # 1142 "C:\Program Files (x86)\Microchip\xc8\v2.00\pic\include\pic16f887.h"
   612                           RCREG equ 01Ah ;# 
   613  001A                     # 1149 "C:\Program Files (x86)\Microchip\xc8\v2.00\pic\include\pic16f887.h"
   614                           CCPR2 equ 01Bh ;# 
   615  001B                     # 1156 "C:\Program Files (x86)\Microchip\xc8\v2.00\pic\include\pic16f887.h"
   616                           CCPR2L equ 01Bh ;# 
   617  001B                     # 1163 "C:\Program Files (x86)\Microchip\xc8\v2.00\pic\include\pic16f887.h"
   618                           CCPR2H equ 01Ch ;# 
   619  001C                     # 1170 "C:\Program Files (x86)\Microchip\xc8\v2.00\pic\include\pic16f887.h"
   620                           CCP2CON equ 01Dh ;# 
   621  001D                     # 1240 "C:\Program Files (x86)\Microchip\xc8\v2.00\pic\include\pic16f887.h"
   622                           ADRESH equ 01Eh ;# 
   623  001E                     # 1247 "C:\Program Files (x86)\Microchip\xc8\v2.00\pic\include\pic16f887.h"
   624                           ADCON0 equ 01Fh ;# 
   625  001F                     # 1348 "C:\Program Files (x86)\Microchip\xc8\v2.00\pic\include\pic16f887.h"
   626                           OPTION_REG equ 081h ;# 
   627  0081                     # 1418 "C:\Program Files (x86)\Microchip\xc8\v2.00\pic\include\pic16f887.h"
   628                           TRISA equ 085h ;# 
   629  0085                     # 1480 "C:\Program Files (x86)\Microchip\xc8\v2.00\pic\include\pic16f887.h"
   630                           TRISB equ 086h ;# 
   631  0086                     # 1542 "C:\Program Files (x86)\Microchip\xc8\v2.00\pic\include\pic16f887.h"
   632                           TRISC equ 087h ;# 
   633  0087                     # 1604 "C:\Program Files (x86)\Microchip\xc8\v2.00\pic\include\pic16f887.h"
   634                           TRISD equ 088h ;# 
   635  0088                     # 1666 "C:\Program Files (x86)\Microchip\xc8\v2.00\pic\include\pic16f887.h"
   636                           TRISE equ 089h ;# 
   637  0089                     # 1704 "C:\Program Files (x86)\Microchip\xc8\v2.00\pic\include\pic16f887.h"
   638                           PIE1 equ 08Ch ;# 
   639  008C                     # 1760 "C:\Program Files (x86)\Microchip\xc8\v2.00\pic\include\pic16f887.h"
   640                           PIE2 equ 08Dh ;# 
   641  008D                     # 1817 "C:\Program Files (x86)\Microchip\xc8\v2.00\pic\include\pic16f887.h"
   642                           PCON equ 08Eh ;# 
   643  008E                     # 1864 "C:\Program Files (x86)\Microchip\xc8\v2.00\pic\include\pic16f887.h"
   644                           OSCCON equ 08Fh ;# 
   645  008F                     # 1929 "C:\Program Files (x86)\Microchip\xc8\v2.00\pic\include\pic16f887.h"
   646                           OSCTUNE equ 090h ;# 
   647  0090                     # 1981 "C:\Program Files (x86)\Microchip\xc8\v2.00\pic\include\pic16f887.h"
   648                           SSPCON2 equ 091h ;# 
   649  0091                     # 2043 "C:\Program Files (x86)\Microchip\xc8\v2.00\pic\include\pic16f887.h"
   650                           PR2 equ 092h ;# 
   651  0092                     # 2050 "C:\Program Files (x86)\Microchip\xc8\v2.00\pic\include\pic16f887.h"
   652                           SSPADD equ 093h ;# 
   653  0093                     # 2057 "C:\Program Files (x86)\Microchip\xc8\v2.00\pic\include\pic16f887.h"
   654                           SSPMSK equ 093h ;# 
   655  0093                     # 2062 "C:\Program Files (x86)\Microchip\xc8\v2.00\pic\include\pic16f887.h"
   656                           MSK equ 093h ;# 
   657  0093                     # 2179 "C:\Program Files (x86)\Microchip\xc8\v2.00\pic\include\pic16f887.h"
   658                           SSPSTAT equ 094h ;# 
   659  0094                     # 2348 "C:\Program Files (x86)\Microchip\xc8\v2.00\pic\include\pic16f887.h"
   660                           WPUB equ 095h ;# 
   661  0095                     # 2418 "C:\Program Files (x86)\Microchip\xc8\v2.00\pic\include\pic16f887.h"
   662                           IOCB equ 096h ;# 
   663  0096                     # 2488 "C:\Program Files (x86)\Microchip\xc8\v2.00\pic\include\pic16f887.h"
   664                           VRCON equ 097h ;# 
   665  0097                     # 2558 "C:\Program Files (x86)\Microchip\xc8\v2.00\pic\include\pic16f887.h"
   666                           TXSTA equ 098h ;# 
   667  0098                     # 2644 "C:\Program Files (x86)\Microchip\xc8\v2.00\pic\include\pic16f887.h"
   668                           SPBRG equ 099h ;# 
   669  0099                     # 2706 "C:\Program Files (x86)\Microchip\xc8\v2.00\pic\include\pic16f887.h"
   670                           SPBRGH equ 09Ah ;# 
   671  009A                     # 2776 "C:\Program Files (x86)\Microchip\xc8\v2.00\pic\include\pic16f887.h"
   672                           PWM1CON equ 09Bh ;# 
   673  009B                     # 2846 "C:\Program Files (x86)\Microchip\xc8\v2.00\pic\include\pic16f887.h"
   674                           ECCPAS equ 09Ch ;# 
   675  009C                     # 2928 "C:\Program Files (x86)\Microchip\xc8\v2.00\pic\include\pic16f887.h"
   676                           PSTRCON equ 09Dh ;# 
   677  009D                     # 2972 "C:\Program Files (x86)\Microchip\xc8\v2.00\pic\include\pic16f887.h"
   678                           ADRESL equ 09Eh ;# 
   679  009E                     # 2979 "C:\Program Files (x86)\Microchip\xc8\v2.00\pic\include\pic16f887.h"
   680                           ADCON1 equ 09Fh ;# 
   681  009F                     # 3013 "C:\Program Files (x86)\Microchip\xc8\v2.00\pic\include\pic16f887.h"
   682                           WDTCON equ 0105h ;# 
   683  0105                     # 3066 "C:\Program Files (x86)\Microchip\xc8\v2.00\pic\include\pic16f887.h"
   684                           CM1CON0 equ 0107h ;# 
   685  0107                     # 3131 "C:\Program Files (x86)\Microchip\xc8\v2.00\pic\include\pic16f887.h"
   686                           CM2CON0 equ 0108h ;# 
   687  0108                     # 3196 "C:\Program Files (x86)\Microchip\xc8\v2.00\pic\include\pic16f887.h"
   688                           CM2CON1 equ 0109h ;# 
   689  0109                     # 3247 "C:\Program Files (x86)\Microchip\xc8\v2.00\pic\include\pic16f887.h"
   690                           EEDATA equ 010Ch ;# 
   691  010C                     # 3252 "C:\Program Files (x86)\Microchip\xc8\v2.00\pic\include\pic16f887.h"
   692                           EEDAT equ 010Ch ;# 
   693  010C                     # 3259 "C:\Program Files (x86)\Microchip\xc8\v2.00\pic\include\pic16f887.h"
   694                           EEADR equ 010Dh ;# 
   695  010D                     # 3266 "C:\Program Files (x86)\Microchip\xc8\v2.00\pic\include\pic16f887.h"
   696                           EEDATH equ 010Eh ;# 
   697  010E                     # 3273 "C:\Program Files (x86)\Microchip\xc8\v2.00\pic\include\pic16f887.h"
   698                           EEADRH equ 010Fh ;# 
   699  010F                     # 3280 "C:\Program Files (x86)\Microchip\xc8\v2.00\pic\include\pic16f887.h"
   700                           SRCON equ 0185h ;# 
   701  0185                     # 3337 "C:\Program Files (x86)\Microchip\xc8\v2.00\pic\include\pic16f887.h"
   702                           BAUDCTL equ 0187h ;# 
   703  0187                     # 3389 "C:\Program Files (x86)\Microchip\xc8\v2.00\pic\include\pic16f887.h"
   704                           ANSEL equ 0188h ;# 
   705  0188                     # 3451 "C:\Program Files (x86)\Microchip\xc8\v2.00\pic\include\pic16f887.h"
   706                           ANSELH equ 0189h ;# 
   707  0189                     # 3501 "C:\Program Files (x86)\Microchip\xc8\v2.00\pic\include\pic16f887.h"
   708                           EECON1 equ 018Ch ;# 
   709  018C                     # 3546 "C:\Program Files (x86)\Microchip\xc8\v2.00\pic\include\pic16f887.h"
   710                           EECON2 equ 018Dh ;# 
   711  018D                     	FNCALL	_main,_delay
   712                           	FNCALL	_main,_display7seg
   713                           	FNCALL	_main,_display7seg_init
   714                           	FNROOT	_main
   715                           	global	_vetor
   716                           psect	idataBANK0,class=CODE,space=0,delta=2,noexec
   717                           global __pidataBANK0
   718                           __pidataBANK0:
   719  077A                     	file	"main.c"
   720                           	line	14
   721                           
   722                           ;initializer for _vetor
   723                           	retlw	03Fh
   724  077A  343F               	retlw	06h
   725  077B  3406               	retlw	05Bh
   726  077C  345B               	retlw	04Fh
   727  077D  344F               	retlw	066h
   728  077E  3466               	retlw	06Dh
   729  077F  346D               	retlw	07Dh
   730  0780  347D               	retlw	07h
   731  0781  3407               	retlw	07Fh
   732  0782  347F               	retlw	06Fh
   733  0783  346F               	retlw	077h
   734  0784  3477               	retlw	07Ch
   735  0785  347C               	retlw	039h
   736  0786  3439               	retlw	05Eh
   737  0787  345E               	retlw	079h
   738  0788  3479               	retlw	071h
   739  0789  3471               	global	_PORTD
   740                           _PORTD	set	0x8
   741  0008                     	global	_TRISD
   742                           _TRISD	set	0x88
   743  0088                     ; #config settings
   744                           global __CFG_FOSC$INTRC_NOCLKOUT
   745                           __CFG_FOSC$INTRC_NOCLKOUT equ 0x0
   746  0000                     global __CFG_WDTE$OFF
   747                           __CFG_WDTE$OFF equ 0x0
   748  0000                     global __CFG_PWRTE$OFF
   749                           __CFG_PWRTE$OFF equ 0x0
   750  0000                     global __CFG_MCLRE$OFF
   751                           __CFG_MCLRE$OFF equ 0x0
   752  0000                     global __CFG_CP$OFF
   753                           __CFG_CP$OFF equ 0x0
   754  0000                     global __CFG_CPD$OFF
   755                           __CFG_CPD$OFF equ 0x0
   756  0000                     global __CFG_BOREN$OFF
   757                           __CFG_BOREN$OFF equ 0x0
   758  0000                     global __CFG_IESO$OFF
   759                           __CFG_IESO$OFF equ 0x0
   760  0000                     global __CFG_FCMEN$OFF
   761                           __CFG_FCMEN$OFF equ 0x0
   762  0000                     global __CFG_LVP$OFF
   763                           __CFG_LVP$OFF equ 0x0
   764  0000                     global __CFG_BOR4V$BOR40V
   765                           __CFG_BOR4V$BOR40V equ 0x0
   766  0000                     global __CFG_WRT$OFF
   767                           __CFG_WRT$OFF equ 0x0
   768  0000                     	file	"C:\Users\21193066\AppData\Local\Temp\s7k4."
   769                           	line	#
   770                           psect cinit,class=CODE,delta=2
   771                           global start_initialization
   772                           start_initialization:
   773  07EE                     
   774                           global __initialization
   775                           __initialization:
   776  07EE                     psect	dataBANK0,class=BANK0,space=1,noexec
   777                           global __pdataBANK0
   778                           __pdataBANK0:
   779  0020                     	file	"main.c"
   780                           	line	14
   781                           _vetor:
   782  0020                            ds      16
   783  0020                     
   784                           	file	"C:\Users\21193066\AppData\Local\Temp\s7k4."
   785                           	line	#
   786                           global btemp
   787                           psect inittext,class=CODE,delta=2
   788                           global init_fetch0,btemp
   789                           ;	Called with low address in FSR and high address in W
   790                           init_fetch0:
   791  078A                     	movf btemp,w
   792  078A  087E               	movwf pclath
   793  078B  008A               	movf btemp+1,w
   794  078C  087F               	movwf pc
   795  078D  0082               global init_ram0
   796                           ;Called with:
   797                           ;	high address of idata address in btemp 
   798                           ;	low address of idata address in btemp+1 
   799                           ;	low address of data in FSR
   800                           ;	high address + 1 of data in btemp-1
   801                           init_ram0:
   802  078E                     	fcall init_fetch0
   803  078E  120A  118A  278A  120A  118A  	movwf indf,f
   804  0793  0080               	incf fsr,f
   805  0794  0A84               	movf fsr,w
   806  0795  0804               	xorwf btemp-1,w
   807  0796  067D               	btfsc status,2
   808  0797  1903               	retlw 0
   809  0798  3400               	incf btemp+1,f
   810  0799  0AFF               	btfsc status,2
   811  079A  1903               	incf btemp,f
   812  079B  0AFE               	goto init_ram0
   813  079C  2F8E               ; Initialize objects allocated to BANK0
   814                           psect cinit,class=CODE,delta=2,merge=1
   815                           global init_ram0, __pidataBANK0
   816                           	bcf	status, 7	;select IRP bank0
   817  07EE  1383               	movlw low(__pdataBANK0+16)
   818  07EF  3030               	movwf btemp-1,f
   819  07F0  00FD               	movlw high(__pidataBANK0)
   820  07F1  3007               	movwf btemp,f
   821  07F2  00FE               	movlw low(__pidataBANK0)
   822  07F3  307A               	movwf btemp+1,f
   823  07F4  00FF               	movlw low(__pdataBANK0)
   824  07F5  3020               	movwf fsr,f
   825  07F6  0084               	fcall init_ram0
   826  07F7  120A  118A  278E  120A  118A  psect cinit,class=CODE,delta=2,merge=1
   827                           global end_of_initialization,__end_of__initialization
   828                           
   829                           ;End of C runtime variable initialization code
   830                           
   831                           end_of_initialization:
   832  07FC                     __end_of__initialization:
   833  07FC                     clrf status
   834  07FC  0183               ljmp _main	;jump to C main() function
   835  07FD  120A  118A  2FB4   psect	cstackCOMMON,class=COMMON,space=1,noexec
   836                           global __pcstackCOMMON
   837                           __pcstackCOMMON:
   838  0070                     ?_display7seg_init:	; 1 bytes @ 0x0
   839  0070                     ??_display7seg_init:	; 1 bytes @ 0x0
   840  0070                     ?_display7seg:	; 1 bytes @ 0x0
   841  0070                     ?_delay:	; 1 bytes @ 0x0
   842  0070                     ?_main:	; 1 bytes @ 0x0
   843  0070                     	global	delay@t
   844                           delay@t:	; 2 bytes @ 0x0
   845  0070                     	global	display7seg@c
   846                           display7seg@c:	; 2 bytes @ 0x0
   847  0070                     	ds	2
   848  0070                     ??_display7seg:	; 1 bytes @ 0x2
   849  0072                     ??_delay:	; 1 bytes @ 0x2
   850  0072                     	ds	1
   851  0072                     ??_main:	; 1 bytes @ 0x3
   852  0073                     	ds	2
   853  0073                     	global	main@cont
   854                           main@cont:	; 2 bytes @ 0x5
   855  0075                     	ds	2
   856  0075                     ;!
   857                           ;!Data Sizes:
   858                           ;!    Strings     0
   859                           ;!    Constant    0
   860                           ;!    Data        16
   861                           ;!    BSS         0
   862                           ;!    Persistent  0
   863                           ;!    Stack       0
   864                           ;!
   865                           ;!Auto Spaces:
   866                           ;!    Space          Size  Autos    Used
   867                           ;!    COMMON           14      7       7
   868                           ;!    BANK0            80      0      16
   869                           ;!    BANK1            80      0       0
   870                           ;!    BANK3            96      0       0
   871                           ;!    BANK2            96      0       0
   872                           
   873                           ;!
   874                           ;!Pointer List with Targets:
   875                           ;!
   876                           ;!    None.
   877                           
   878                           
   879                           ;!
   880                           ;!Critical Paths under _main in COMMON
   881                           ;!
   882                           ;!    _main->_delay
   883                           ;!
   884                           ;!Critical Paths under _main in BANK0
   885                           ;!
   886                           ;!    None.
   887                           ;!
   888                           ;!Critical Paths under _main in BANK1
   889                           ;!
   890                           ;!    None.
   891                           ;!
   892                           ;!Critical Paths under _main in BANK3
   893                           ;!
   894                           ;!    None.
   895                           ;!
   896                           ;!Critical Paths under _main in BANK2
   897                           ;!
   898                           ;!    None.
   899                           
   900 ;;
   901 ;;Main: autosize = 0, tempsize = 2, incstack = 0, save=0
   902 ;;
   903                           
   904                           ;!
   905                           ;!Call Graph Tables:
   906                           ;!
   907                           ;! ---------------------------------------------------------------------------------
   908                           ;! (Depth) Function   	        Calls       Base Space   Used Autos Params    Refs
   909                           ;! ---------------------------------------------------------------------------------
   910                           ;! (0) _main                                                 4     4      0     243
   911                           ;!                                              3 COMMON     4     4      0
   912                           ;!                              _delay
   913                           ;!                        _display7seg
   914                           ;!                   _display7seg_init
   915                           ;! ---------------------------------------------------------------------------------
   916                           ;! (1) _display7seg_init                                     0     0      0       0
   917                           ;! ---------------------------------------------------------------------------------
   918                           ;! (1) _display7seg                                          2     0      2      98
   919                           ;!                                              0 COMMON     2     0      2
   920                           ;! ---------------------------------------------------------------------------------
   921                           ;! (1) _delay                                                3     1      2      99
   922                           ;!                                              0 COMMON     3     1      2
   923                           ;! ---------------------------------------------------------------------------------
   924                           ;! Estimated maximum stack depth 1
   925                           ;! ---------------------------------------------------------------------------------
   926                           ;!
   927                           ;! Call Graph Graphs:
   928                           ;!
   929                           ;! _main (ROOT)
   930                           ;!   _delay
   931                           ;!   _display7seg
   932                           ;!   _display7seg_init
   933                           ;!
   934                           
   935                           ;! Address spaces:
   936                           
   937                           ;!Name               Size   Autos  Total    Cost      Usage
   938                           ;!BANK3               60      0       0       9        0.0%
   939                           ;!BITBANK3            60      0       0       8        0.0%
   940                           ;!SFR3                 0      0       0       4        0.0%
   941                           ;!BITSFR3              0      0       0       4        0.0%
   942                           ;!BANK2               60      0       0      11        0.0%
   943                           ;!BITBANK2            60      0       0      10        0.0%
   944                           ;!SFR2                 0      0       0       5        0.0%
   945                           ;!BITSFR2              0      0       0       5        0.0%
   946                           ;!BANK1               50      0       0       7        0.0%
   947                           ;!BITBANK1            50      0       0       6        0.0%
   948                           ;!SFR1                 0      0       0       2        0.0%
   949                           ;!BITSFR1              0      0       0       2        0.0%
   950                           ;!BANK0               50      0      10       5       20.0%
   951                           ;!BITBANK0            50      0       0       4        0.0%
   952                           ;!SFR0                 0      0       0       1        0.0%
   953                           ;!BITSFR0              0      0       0       1        0.0%
   954                           ;!COMMON               E      7       7       1       50.0%
   955                           ;!BITCOMMON            E      0       0       0        0.0%
   956                           ;!CODE                 0      0       0       0        0.0%
   957                           ;!DATA                 0      0      17      12        0.0%
   958                           ;!ABS                  0      0      17       3        0.0%
   959                           ;!NULL                 0      0       0       0        0.0%
   960                           ;!STACK                0      0       0       2        0.0%
   961                           ;!EEDATA             100      0       0       0        0.0%
   962                           
   963                           	global	_main
   964                           
   965 ;; *************** function _main *****************
   966 ;; Defined at:
   967 ;;		line 20 in file "main.c"
   968 ;; Parameters:    Size  Location     Type
   969 ;;		None
   970 ;; Auto vars:     Size  Location     Type
   971 ;;  cont            2    5[COMMON] int 
   972 ;; Return value:  Size  Location     Type
   973 ;;                  1    wreg      void 
   974 ;; Registers used:
   975 ;;		wreg, fsr0l, fsr0h, status,2, status,0, btemp+1, pclath, cstack
   976 ;; Tracked objects:
   977 ;;		On entry : B00/0
   978 ;;		On exit  : 0/0
   979 ;;		Unchanged: 0/0
   980 ;; Data sizes:     COMMON   BANK0   BANK1   BANK3   BANK2
   981 ;;      Params:         0       0       0       0       0
   982 ;;      Locals:         2       0       0       0       0
   983 ;;      Temps:          2       0       0       0       0
   984 ;;      Totals:         4       0       0       0       0
   985 ;;Total ram usage:        4 bytes
   986 ;; Hardware stack levels required when called:    1
   987 ;; This function calls:
   988 ;;		_delay
   989 ;;		_display7seg
   990 ;;		_display7seg_init
   991 ;; This function is called by:
   992 ;;		Startup code after reset
   993 ;; This function uses a non-reentrant model
   994 ;;
   995                           psect	maintext,global,class=CODE,delta=2,split=1,group=0
   996                           	file	"main.c"
   997                           	line	20
   998                           global __pmaintext
   999                           __pmaintext:	;psect for function _main
  1000  07B4                     psect	maintext
  1001                           	file	"main.c"
  1002                           	line	20
  1003                           	global	__size_of_main
  1004                           	__size_of_main	equ	__end_of_main-_main
  1005  003A                     	
  1006                           _main:	
  1007  07B4                     ;incstack = 0
  1008                           	opt	stack 7
  1009                           ; Regs used in _main: [wreg-fsr0h+status,2+status,0+btemp+1+pclath+cstack]
  1010                           	line	23
  1011                           	
  1012                           l638:	
  1013  07B4                     ;main.c: 22:     int cont;;main.c: 23:     display7seg_init();
  1014                           	fcall	_display7seg_init
  1015  07B4  120A  118A  2773  120A  118A  	goto	l640
  1016  07B9  2FBA               	line	25
  1017                           ;main.c: 25:     while ( 1 )
  1018                           	
  1019                           l21:	
  1020  07BA                     	line	27
  1021                           	
  1022                           l640:	
  1023  07BA                     ;main.c: 26:     {;main.c: 27:         display7seg( vetor[cont] );
  1024                           	movf	(main@cont),w
  1025  07BA  0875               	addlw	low(_vetor|((0x0)<<8))&0ffh
  1026  07BB  3E20               	movwf	fsr0
  1027  07BC  0084               	bcf	status, 7	;select IRP bank0
  1028  07BD  1383               	movf	indf,w
  1029  07BE  0800               	movwf	(??_main+0)+0
  1030  07BF  00F3               	clrf	(??_main+0)+0+1
  1031  07C0  01F4               	movf	0+(??_main+0)+0,w
  1032  07C1  0873               	movwf	(display7seg@c)
  1033  07C2  00F0               	movf	1+(??_main+0)+0,w
  1034  07C3  0874               	movwf	(display7seg@c+1)
  1035  07C4  00F1               	fcall	_display7seg
  1036  07C5  120A  118A  276E  120A  118A  	line	28
  1037                           	
  1038                           l642:	
  1039  07CA                     ;main.c: 28:         delay( 1000 );
  1040                           	movlw	0E8h
  1041  07CA  30E8               	movwf	(delay@t)
  1042  07CB  00F0               	movlw	03h
  1043  07CC  3003               	movwf	((delay@t))+1
  1044  07CD  00F1               	fcall	_delay
  1045  07CE  120A  118A  279D  120A  118A  	line	29
  1046                           	
  1047                           l644:	
  1048  07D3                     ;main.c: 29:         cont++;
  1049                           	movlw	01h
  1050  07D3  3001               	addwf	(main@cont),f
  1051  07D4  07F5               	skipnc
  1052  07D5  1803               	incf	(main@cont+1),f
  1053  07D6  0AF6               	movlw	0
  1054  07D7  3000               	addwf	(main@cont+1),f
  1055  07D8  07F6               	line	30
  1056                           	
  1057                           l646:	
  1058  07D9                     ;main.c: 30:         if( cont >=16 )
  1059                           	movf	(main@cont+1),w
  1060  07D9  0876               	xorlw	80h
  1061  07DA  3A80               	movwf	btemp+1
  1062  07DB  00FF               	movlw	(0)^80h
  1063  07DC  3080               	subwf	btemp+1,w
  1064  07DD  027F               	skipz
  1065  07DE  1D03               	goto	u45
  1066  07DF  2FE2               	movlw	010h
  1067  07E0  3010               	subwf	(main@cont),w
  1068  07E1  0275               u45:
  1069  07E2                     
  1070                           	skipc
  1071  07E2  1C03               	goto	u41
  1072  07E3  2FE5               	goto	u40
  1073  07E4  2FE6               u41:
  1074  07E5                     	goto	l640
  1075  07E5  2FBA               u40:
  1076  07E6                     	line	31
  1077                           	
  1078                           l648:	
  1079  07E6                     ;main.c: 31:             cont = 0;
  1080                           	clrf	(main@cont)
  1081  07E6  01F5               	clrf	(main@cont+1)
  1082  07E7  01F6               	goto	l640
  1083  07E8  2FBA               	
  1084                           l22:	
  1085  07E9                     	goto	l640
  1086  07E9  2FBA               	line	33
  1087                           ;main.c: 33:     }
  1088                           	
  1089                           l23:	
  1090  07EA                     	goto	l640
  1091  07EA  2FBA               	
  1092                           l24:	
  1093  07EB                     	line	34
  1094                           	
  1095                           l25:	
  1096  07EB                     	global	start
  1097                           	ljmp	start
  1098  07EB  120A  118A  2800   	opt stack 0
  1099                           GLOBAL	__end_of_main
  1100                           	__end_of_main:
  1101  07EE                     	signat	_main,89
  1102                           	global	_display7seg_init
  1103                           
  1104 ;; *************** function _display7seg_init *****************
  1105 ;; Defined at:
  1106 ;;		line 11 in file "display7seg.c"
  1107 ;; Parameters:    Size  Location     Type
  1108 ;;		None
  1109 ;; Auto vars:     Size  Location     Type
  1110 ;;		None
  1111 ;; Return value:  Size  Location     Type
  1112 ;;                  1    wreg      void 
  1113 ;; Registers used:
  1114 ;;		status,2
  1115 ;; Tracked objects:
  1116 ;;		On entry : 0/0
  1117 ;;		On exit  : 0/0
  1118 ;;		Unchanged: 0/0
  1119 ;; Data sizes:     COMMON   BANK0   BANK1   BANK3   BANK2
  1120 ;;      Params:         0       0       0       0       0
  1121 ;;      Locals:         0       0       0       0       0
  1122 ;;      Temps:          0       0       0       0       0
  1123 ;;      Totals:         0       0       0       0       0
  1124 ;;Total ram usage:        0 bytes
  1125 ;; Hardware stack levels used:    1
  1126 ;; This function calls:
  1127 ;;		Nothing
  1128 ;; This function is called by:
  1129 ;;		_main
  1130 ;; This function uses a non-reentrant model
  1131 ;;
  1132                           psect	text1,local,class=CODE,delta=2,merge=1,group=0
  1133                           	file	"display7seg.c"
  1134                           	line	11
  1135                           global __ptext1
  1136                           __ptext1:	;psect for function _display7seg_init
  1137  0773                     psect	text1
  1138                           	file	"display7seg.c"
  1139                           	line	11
  1140                           	global	__size_of_display7seg_init
  1141                           	__size_of_display7seg_init	equ	__end_of_display7seg_init-_display7seg_init
  1142  0007                     	
  1143                           _display7seg_init:	
  1144  0773                     ;incstack = 0
  1145                           	opt	stack 7
  1146                           ; Regs used in _display7seg_init: [status,2]
  1147                           	line	13
  1148                           	
  1149                           l614:	
  1150  0773                     ;display7seg.c: 13:     TRISD =0x00;
  1151                           	bsf	status, 5	;RP0=1, select bank1
  1152  0773  1683               	bcf	status, 6	;RP1=0, select bank1
  1153  0774  1303               	clrf	(136)^080h	;volatile
  1154  0775  0188               	line	14
  1155                           ;display7seg.c: 14:     PORTD =0x00;
  1156                           	bcf	status, 5	;RP0=0, select bank0
  1157  0776  1283               	bcf	status, 6	;RP1=0, select bank0
  1158  0777  1303               	clrf	(8)	;volatile
  1159  0778  0188               	line	15
  1160                           	
  1161                           l32:	
  1162  0779                     	return
  1163  0779  0008               	opt stack 0
  1164                           GLOBAL	__end_of_display7seg_init
  1165                           	__end_of_display7seg_init:
  1166  077A                     	signat	_display7seg_init,89
  1167                           	global	_display7seg
  1168                           
  1169 ;; *************** function _display7seg *****************
  1170 ;; Defined at:
  1171 ;;		line 17 in file "display7seg.c"
  1172 ;; Parameters:    Size  Location     Type
  1173 ;;  c               2    0[COMMON] int 
  1174 ;; Auto vars:     Size  Location     Type
  1175 ;;		None
  1176 ;; Return value:  Size  Location     Type
  1177 ;;                  1    wreg      void 
  1178 ;; Registers used:
  1179 ;;		wreg
  1180 ;; Tracked objects:
  1181 ;;		On entry : 0/0
  1182 ;;		On exit  : 0/0
  1183 ;;		Unchanged: 0/0
  1184 ;; Data sizes:     COMMON   BANK0   BANK1   BANK3   BANK2
  1185 ;;      Params:         2       0       0       0       0
  1186 ;;      Locals:         0       0       0       0       0
  1187 ;;      Temps:          0       0       0       0       0
  1188 ;;      Totals:         2       0       0       0       0
  1189 ;;Total ram usage:        2 bytes
  1190 ;; Hardware stack levels used:    1
  1191 ;; This function calls:
  1192 ;;		Nothing
  1193 ;; This function is called by:
  1194 ;;		_main
  1195 ;; This function uses a non-reentrant model
  1196 ;;
  1197                           psect	text2,local,class=CODE,delta=2,merge=1,group=0
  1198                           	line	17
  1199                           global __ptext2
  1200                           __ptext2:	;psect for function _display7seg
  1201  076E                     psect	text2
  1202                           	file	"display7seg.c"
  1203                           	line	17
  1204                           	global	__size_of_display7seg
  1205                           	__size_of_display7seg	equ	__end_of_display7seg-_display7seg
  1206  0005                     	
  1207                           _display7seg:	
  1208  076E                     ;incstack = 0
  1209                           	opt	stack 7
  1210                           ; Regs used in _display7seg: [wreg]
  1211                           	line	19
  1212                           	
  1213                           l636:	
  1214  076E                     ;display7seg.c: 17: void display7seg( int c );display7seg.c: 18: {;display7seg.c: 19:   
                                   PORTD = c;
  1215                           	movf	(display7seg@c),w
  1216  076E  0870               	bcf	status, 5	;RP0=0, select bank0
  1217  076F  1283               	bcf	status, 6	;RP1=0, select bank0
  1218  0770  1303               	movwf	(8)	;volatile
  1219  0771  0088               	line	20
  1220                           	
  1221                           l35:	
  1222  0772                     	return
  1223  0772  0008               	opt stack 0
  1224                           GLOBAL	__end_of_display7seg
  1225                           	__end_of_display7seg:
  1226  0773                     	signat	_display7seg,4217
  1227                           	global	_delay
  1228                           
  1229 ;; *************** function _delay *****************
  1230 ;; Defined at:
  1231 ;;		line 12 in file "delay.c"
  1232 ;; Parameters:    Size  Location     Type
  1233 ;;  t               2    0[COMMON] unsigned int 
  1234 ;; Auto vars:     Size  Location     Type
  1235 ;;		None
  1236 ;; Return value:  Size  Location     Type
  1237 ;;                  1    wreg      void 
  1238 ;; Registers used:
  1239 ;;		wreg, status,2, status,0
  1240 ;; Tracked objects:
  1241 ;;		On entry : 0/0
  1242 ;;		On exit  : 0/0
  1243 ;;		Unchanged: 0/0
  1244 ;; Data sizes:     COMMON   BANK0   BANK1   BANK3   BANK2
  1245 ;;      Params:         2       0       0       0       0
  1246 ;;      Locals:         0       0       0       0       0
  1247 ;;      Temps:          1       0       0       0       0
  1248 ;;      Totals:         3       0       0       0       0
  1249 ;;Total ram usage:        3 bytes
  1250 ;; Hardware stack levels used:    1
  1251 ;; This function calls:
  1252 ;;		Nothing
  1253 ;; This function is called by:
  1254 ;;		_main
  1255 ;; This function uses a non-reentrant model
  1256 ;;
  1257                           psect	text3,local,class=CODE,delta=2,merge=1,group=0
  1258                           	file	"delay.c"
  1259                           	line	12
  1260                           global __ptext3
  1261                           __ptext3:	;psect for function _delay
  1262  079D                     psect	text3
  1263                           	file	"delay.c"
  1264                           	line	12
  1265                           	global	__size_of_delay
  1266                           	__size_of_delay	equ	__end_of_delay-_delay
  1267  0017                     	
  1268                           _delay:	
  1269  079D                     ;incstack = 0
  1270                           	opt	stack 7
  1271                           ; Regs used in _delay: [wreg+status,2+status,0]
  1272                           	line	14
  1273                           	
  1274                           l630:	
  1275  079D                     ;delay.c: 12: void delay (unsigned int t);delay.c: 13: {;delay.c: 14:     while (t)
  1276                           	goto	l634
  1277  079D  2FAC               	
  1278                           l6:	
  1279  079E                     	line	16
  1280                           	
  1281                           l632:	
  1282  079E                     ;delay.c: 15:     {;delay.c: 16:         --t;
  1283                           	movlw	01h
  1284  079E  3001               	subwf	(delay@t),f
  1285  079F  02F0               	movlw	0
  1286  07A0  3000               	skipc
  1287  07A1  1C03               	decf	(delay@t+1),f
  1288  07A2  03F1               	subwf	(delay@t+1),f
  1289  07A3  02F1               	line	17
  1290                           ;delay.c: 17:         _delay((unsigned long)((1)*(4000000/4000.0)));
  1291                           	opt asmopt_push
  1292                           opt asmopt_off
  1293                           	movlw	199
  1294  07A4  30C7               movwf	((??_delay+0)+0),f
  1295  07A5  00F2               	u57:
  1296  07A6                     	nop2
  1297  07A6  2FA7               decfsz	(??_delay+0)+0,f
  1298  07A7  0BF2               	goto	u57
  1299  07A8  2FA6               	nop2
  1300  07A9  2FAA               	nop2
  1301  07AA  2FAB               opt asmopt_pop
  1302                           
  1303                           	goto	l634
  1304  07AB  2FAC               	line	19
  1305                           ;delay.c: 19:     }
  1306                           	
  1307                           l5:	
  1308  07AC                     	line	14
  1309                           	
  1310                           l634:	
  1311  07AC                     ;delay.c: 14:     while (t)
  1312                           	movf	((delay@t)),w
  1313  07AC  0870               iorwf	((delay@t+1)),w
  1314  07AD  0471               	btfss	status,2
  1315  07AE  1D03               	goto	u31
  1316  07AF  2FB1               	goto	u30
  1317  07B0  2FB2               u31:
  1318  07B1                     	goto	l632
  1319  07B1  2F9E               u30:
  1320  07B2                     	goto	l8
  1321  07B2  2FB3               	
  1322                           l7:	
  1323  07B3                     	line	21
  1324                           	
  1325                           l8:	
  1326  07B3                     	return
  1327  07B3  0008               	opt stack 0
  1328                           GLOBAL	__end_of_delay
  1329                           	__end_of_delay:
  1330  07B4                     	signat	_delay,4217
  1331                           global	___latbits
  1332                           ___latbits	equ	2
  1333  0002                     	global	btemp
  1334                           	btemp set 07Eh
  1335  007E                     
  1336                           	DABS	1,126,2	;btemp
  1337                           	global	wtemp0
  1338                           	wtemp0 set btemp+0
  1339  007E                     	end


Data Sizes:
    Strings     0
    Constant    0
    Data        16
    BSS         0
    Persistent  0
    Stack       0

Auto Spaces:
    Space          Size  Autos    Used
    COMMON           14      7       7
    BANK0            80      0      16
    BANK1            80      0       0
    BANK3            96      0       0
    BANK2            96      0       0

Pointer List with Targets:

    None.

Critical Paths under _main in COMMON

    _main->_delay

Critical Paths under _main in BANK0

    None.

Critical Paths under _main in BANK1

    None.

Critical Paths under _main in BANK3

    None.

Critical Paths under _main in BANK2

    None.

Call Graph Tables:

 ---------------------------------------------------------------------------------
 (Depth) Function   	        Calls       Base Space   Used Autos Params    Refs
 ---------------------------------------------------------------------------------
 (0) _main                                                 4     4      0     243
                                              3 COMMON     4     4      0
                              _delay
                        _display7seg
                   _display7seg_init
 ---------------------------------------------------------------------------------
 (1) _display7seg_init                                     0     0      0       0
 ---------------------------------------------------------------------------------
 (1) _display7seg                                          2     0      2      98
                                              0 COMMON     2     0      2
 ---------------------------------------------------------------------------------
 (1) _delay                                                3     1      2      99
                                              0 COMMON     3     1      2
 ---------------------------------------------------------------------------------
 Estimated maximum stack depth 1
 ---------------------------------------------------------------------------------

 Call Graph Graphs:

 _main (ROOT)
   _delay
   _display7seg
   _display7seg_init

 Address spaces:
Name               Size   Autos  Total    Cost      Usage
BANK3               60      0       0       9        0.0%
BITBANK3            60      0       0       8        0.0%
SFR3                 0      0       0       4        0.0%
BITSFR3              0      0       0       4        0.0%
BANK2               60      0       0      11        0.0%
BITBANK2            60      0       0      10        0.0%
SFR2                 0      0       0       5        0.0%
BITSFR2              0      0       0       5        0.0%
BANK1               50      0       0       7        0.0%
BITBANK1            50      0       0       6        0.0%
SFR1                 0      0       0       2        0.0%
BITSFR1              0      0       0       2        0.0%
BANK0               50      0      10       5       20.0%
BITBANK0            50      0       0       4        0.0%
SFR0                 0      0       0       1        0.0%
BITSFR0              0      0       0       1        0.0%
COMMON               E      7       7       1       50.0%
BITCOMMON            E      0       0       0        0.0%
CODE                 0      0       0       0        0.0%
DATA                 0      0      17      12        0.0%
ABS                  0      0      17       3        0.0%
NULL                 0      0       0       0        0.0%
STACK                0      0       0       2        0.0%
EEDATA             100      0       0       0        0.0%


Microchip Technology PIC Macro Assembler V2.00 build -1524193055 
Symbol Table                                                                                   Wed Feb 24 16:16:51 2021

                        l5 07AC                          l6 079E                          l7 07B3  
                        l8 07B3               ?_display7seg 0070                          pc 0002  
              __CFG_CP$OFF 0000                         l21 07BA                         l22 07E9  
                       l23 07EA                         l32 0779                         l24 07EB  
                       l25 07EB                         l35 0772                         u30 07B2  
                       u31 07B1                         u40 07E6                         u41 07E5  
                       u45 07E2                         u57 07A6                         fsr 0004  
                      l630 079D                        l614 0773                        l632 079E  
                      l640 07BA                        l634 07AC                        l642 07CA  
                      l636 076E                        l644 07D3                        l646 07D9  
                      l638 07B4                        l648 07E6               __CFG_CPD$OFF 0000  
                      fsr0 0004                        indf 0000               __CFG_LVP$OFF 0000  
             __CFG_WRT$OFF 0000                       _main 07B4                       btemp 007E  
                     start 0000              __CFG_IESO$OFF 0000                      ?_main 0070  
            __CFG_WDTE$OFF 0000                      _PORTD 0008                      _TRISD 0088  
             display7seg@c 0070             __CFG_FCMEN$OFF 0000                      _delay 079D  
                    _vetor 0020             __CFG_BOREN$OFF 0000                      pclath 000A  
                    status 0003                      wtemp0 007E             __CFG_MCLRE$OFF 0000  
          __initialization 07EE               __end_of_main 07EE                     ??_main 0073  
                   ?_delay 0070             __CFG_PWRTE$OFF 0000          ?_display7seg_init 0070  
       ??_display7seg_init 0070                     delay@t 0070       __size_of_display7seg 0005  
  __end_of__initialization 07FC             __pcstackCOMMON 0070               __pidataBANK0 077A  
            __end_of_delay 07B4                    ??_delay 0072                 __pmaintext 07B4  
                  __ptext1 0773                    __ptext2 076E                    __ptext3 079D  
     end_of_initialization 07FC  __size_of_display7seg_init 0007              ??_display7seg 0072  
      start_initialization 07EE   __CFG_FOSC$INTRC_NOCLKOUT 0000                 init_fetch0 078A  
              __pdataBANK0 0020        __end_of_display7seg 0773                  ___latbits 0002  
         _display7seg_init 0773             __size_of_delay 0017                _display7seg 076E  
        __CFG_BOR4V$BOR40V 0000              __size_of_main 003A                   main@cont 0075  
                 init_ram0 078E   __end_of_display7seg_init 077A  
